<?xml version="1.0" encoding="UTF-8"?>
<testsuite xmlns:xsi="http://www.w3.org/2001/XMLSchema-instance" xsi:noNamespaceSchemaLocation="https://maven.apache.org/surefire/maven-surefire-plugin/xsd/surefire-test-report-3.0.xsd" version="3.0" name="com.urban.AppTest" time="0.129" tests="1" errors="0" skipped="0" failures="0">
  <properties>
    <property name="sun.desktop" value="gnome"/>
    <property name="awt.toolkit" value="sun.awt.X11.XToolkit"/>
    <property name="file.encoding.pkg" value="sun.io"/>
    <property name="java.specification.version" value="1.8"/>
    <property name="sun.cpu.isalist" value=""/>
    <property name="sun.jnu.encoding" value="UTF-8"/>
    <property name="java.class.path" value="/home/swarup/Documents/project2/urbanmonkey/target/test-classes:/home/swarup/Documents/project2/urbanmonkey/target/classes:/home/swarup/.m2/repository/junit/junit/3.8.1/junit-3.8.1.jar:"/>
    <property name="java.vm.vendor" value="Oracle Corporation"/>
    <property name="sun.arch.data.model" value="64"/>
    <property name="java.vendor.url" value="http://java.oracle.com/"/>
    <property name="user.timezone" value=""/>
    <property name="java.vm.specification.version" value="1.8"/>
    <property name="os.name" value="Linux"/>
    <property name="user.country" value="IN"/>
    <property name="sun.java.launcher" value="SUN_STANDARD"/>
    <property name="sun.boot.library.path" value="/home/swarup/Documents/DevOps-softwares/jdk1.8.0_202/jre/lib/amd64"/>
    <property name="sun.java.command" value="/home/swarup/Documents/project2/urbanmonkey/target/surefire/surefirebooter-20230407235317805_3.jar /home/swarup/Documents/project2/urbanmonkey/target/surefire 2023-04-07T23-53-17_358-jvmRun1 surefire-20230407235317805_1tmp surefire_0-20230407235317805_2tmp"/>
    <property name="surefire.test.class.path" value="/home/swarup/Documents/project2/urbanmonkey/target/test-classes:/home/swarup/Documents/project2/urbanmonkey/target/classes:/home/swarup/.m2/repository/junit/junit/3.8.1/junit-3.8.1.jar:"/>
    <property name="sun.cpu.endian" value="little"/>
    <property name="user.home" value="/home/swarup"/>
    <property name="user.language" value="en"/>
    <property name="java.specification.vendor" value="Oracle Corporation"/>
    <property name="java.home" value="/home/swarup/Documents/DevOps-softwares/jdk1.8.0_202/jre"/>
    <property name="basedir" value="/home/swarup/Documents/project2/urbanmonkey"/>
    <property name="file.separator" value="/"/>
    <property name="line.separator" value="&#10;"/>
    <property name="java.vm.specification.vendor" value="Oracle Corporation"/>
    <property name="java.specification.name" value="Java Platform API Specification"/>
    <property name="java.awt.graphicsenv" value="sun.awt.X11GraphicsEnvironment"/>
    <property name="surefire.real.class.path" value="/home/swarup/Documents/project2/urbanmonkey/target/surefire/surefirebooter-20230407235317805_3.jar"/>
    <property name="sun.boot.class.path" value="/home/swarup/Documents/DevOps-softwares/jdk1.8.0_202/jre/lib/resources.jar:/home/swarup/Documents/DevOps-softwares/jdk1.8.0_202/jre/lib/rt.jar:/home/swarup/Documents/DevOps-softwares/jdk1.8.0_202/jre/lib/sunrsasign.jar:/home/swarup/Documents/DevOps-softwares/jdk1.8.0_202/jre/lib/jsse.jar:/home/swarup/Documents/DevOps-softwares/jdk1.8.0_202/jre/lib/jce.jar:/home/swarup/Documents/DevOps-softwares/jdk1.8.0_202/jre/lib/charsets.jar:/home/swarup/Documents/DevOps-softwares/jdk1.8.0_202/jre/lib/jfr.jar:/home/swarup/Documents/DevOps-softwares/jdk1.8.0_202/jre/classes"/>
    <property name="sun.management.compiler" value="HotSpot 64-Bit Tiered Compilers"/>
    <property name="java.runtime.version" value="1.8.0_202-b08"/>
    <property name="user.name" value="swarup"/>
    <property name="path.separator" value=":"/>
    <property name="os.version" value="5.19.0-38-generic"/>
    <property name="java.endorsed.dirs" value="/home/swarup/Documents/DevOps-softwares/jdk1.8.0_202/jre/lib/endorsed"/>
    <property name="java.runtime.name" value="Java(TM) SE Runtime Environment"/>
    <property name="file.encoding" value="UTF-8"/>
    <property name="java.vm.name" value="Java HotSpot(TM) 64-Bit Server VM"/>
    <property name="localRepository" value="/home/swarup/.m2/repository"/>
    <property name="java.vendor.url.bug" value="http://bugreport.sun.com/bugreport/"/>
    <property name="java.io.tmpdir" value="/tmp"/>
    <property name="java.version" value="1.8.0_202"/>
    <property name="user.dir" value="/home/swarup/Documents/project2/urbanmonkey"/>
    <property name="os.arch" value="amd64"/>
    <property name="java.vm.specification.name" value="Java Virtual Machine Specification"/>
    <property name="java.awt.printerjob" value="sun.print.PSPrinterJob"/>
    <property name="sun.os.patch.level" value="unknown"/>
    <property name="java.library.path" value="/usr/java/packages/lib/amd64:/usr/lib64:/lib64:/lib:/usr/lib"/>
    <property name="java.vm.info" value="mixed mode"/>
    <property name="java.vendor" value="Oracle Corporation"/>
    <property name="java.vm.version" value="25.202-b08"/>
    <property name="java.ext.dirs" value="/home/swarup/Documents/DevOps-softwares/jdk1.8.0_202/jre/lib/ext:/usr/java/packages/lib/ext"/>
    <property name="sun.io.unicode.encoding" value="UnicodeLittle"/>
    <property name="java.class.version" value="52.0"/>
  </properties>
  <testcase name="testApp" classname="com.urban.AppTest" time="0.01"/>
</testsuite>